<?xml version="1.0" encoding="UTF-8"?>
<!-- Generated by org.testng.reporters.JUnitReportReporter -->
<testsuite hostname="DESKTOP-91I88RH" failures="0" tests="1" name="com.inetbanking.testCases.TC_AddCustomerTest_003" time="24.036" errors="0" timestamp="07 Jan 2022 12:23:46 GMT" skipped="0">
  <testcase classname="com.inetbanking.testCases.TC_AddCustomerTest_003" name="addNewCustomer" time="24.036"/>
</testsuite> <!-- com.inetbanking.testCases.TC_AddCustomerTest_003 -->
